0 info it worked if it ends with ok
1 verbose cli [ '/usr/bin/nodejs',
1 verbose cli   '/usr/bin/npm',
1 verbose cli   'install',
1 verbose cli   '--global',
1 verbose cli   'gulp-replace' ]
2 info using npm@3.5.2
3 info using node@v4.2.6
4 silly loadCurrentTree Starting
5 silly install loadCurrentTree
6 silly install readGlobalPackageData
7 silly fetchPackageMetaData gulp-replace
8 silly fetchNamedPackageData gulp-replace
9 silly mapToRegistry name gulp-replace
10 silly mapToRegistry using default registry
11 silly mapToRegistry registry https://registry.npmjs.org/
12 silly mapToRegistry uri https://registry.npmjs.org/gulp-replace
13 verbose request uri https://registry.npmjs.org/gulp-replace
14 verbose request no auth needed
15 info attempt registry request try #1 at 10:55:11 PM
16 verbose request id ac99925d7f5dc88b
17 verbose etag W/"e23027dbb02b22d9ac756465aa904ad0"
18 verbose lastModified Sun, 27 May 2018 03:18:04 GMT
19 http request GET https://registry.npmjs.org/gulp-replace
20 http 304 https://registry.npmjs.org/gulp-replace
21 verbose headers { date: 'Fri, 02 Oct 2020 21:55:11 GMT',
21 verbose headers   connection: 'keep-alive',
21 verbose headers   'set-cookie': [ '__cfduid=da1dbcb36691b690509a70762fc29ac461601675711; expires=Sun, 01-Nov-20 21:55:11 GMT; path=/; domain=.npmjs.org; HttpOnly; SameSite=Lax' ],
21 verbose headers   'cf-ray': '5dc1aa8b5a54f3e7-LHR',
21 verbose headers   age: '5588',
21 verbose headers   'cache-control': 'public, max-age=300',
21 verbose headers   etag: '"e23027dbb02b22d9ac756465aa904ad0"',
21 verbose headers   'last-modified': 'Sun, 27 May 2018 03:18:04 GMT',
21 verbose headers   vary: 'Accept-Encoding',
21 verbose headers   'cf-cache-status': 'HIT',
21 verbose headers   'cf-request-id': '058ce8eb120000f3e7c1b90200000001',
21 verbose headers   'expect-ct': 'max-age=604800, report-uri="https://report-uri.cloudflare.com/cdn-cgi/beacon/expect-ct"',
21 verbose headers   server: 'cloudflare' }
22 silly get cb [ 304,
22 silly get   { date: 'Fri, 02 Oct 2020 21:55:11 GMT',
22 silly get     connection: 'keep-alive',
22 silly get     'set-cookie': [ '__cfduid=da1dbcb36691b690509a70762fc29ac461601675711; expires=Sun, 01-Nov-20 21:55:11 GMT; path=/; domain=.npmjs.org; HttpOnly; SameSite=Lax' ],
22 silly get     'cf-ray': '5dc1aa8b5a54f3e7-LHR',
22 silly get     age: '5588',
22 silly get     'cache-control': 'public, max-age=300',
22 silly get     etag: '"e23027dbb02b22d9ac756465aa904ad0"',
22 silly get     'last-modified': 'Sun, 27 May 2018 03:18:04 GMT',
22 silly get     vary: 'Accept-Encoding',
22 silly get     'cf-cache-status': 'HIT',
22 silly get     'cf-request-id': '058ce8eb120000f3e7c1b90200000001',
22 silly get     'expect-ct': 'max-age=604800, report-uri="https://report-uri.cloudflare.com/cdn-cgi/beacon/expect-ct"',
22 silly get     server: 'cloudflare' } ]
23 verbose etag https://registry.npmjs.org/gulp-replace from cache
24 verbose get saving gulp-replace to /home/nikita/.npm/registry.npmjs.org/gulp-replace/.cache.json
25 silly install normalizeTree
26 silly loadCurrentTree Finishing
27 silly loadIdealTree Starting
28 silly install loadIdealTree
29 silly cloneCurrentTree Starting
30 silly install cloneCurrentTreeToIdealTree
31 silly cloneCurrentTree Finishing
32 silly loadShrinkwrap Starting
33 silly install loadShrinkwrap
34 silly loadShrinkwrap Finishing
35 silly loadAllDepsIntoIdealTree Starting
36 silly install loadAllDepsIntoIdealTree
37 silly resolveWithNewModule gulp-replace@1.0.0 checking installable status
38 silly cache add args [ 'gulp-replace', null ]
39 verbose cache add spec gulp-replace
40 silly cache add parsed spec Result {
40 silly cache add   raw: 'gulp-replace',
40 silly cache add   scope: null,
40 silly cache add   name: 'gulp-replace',
40 silly cache add   rawSpec: '',
40 silly cache add   spec: 'latest',
40 silly cache add   type: 'tag' }
41 silly addNamed gulp-replace@latest
42 verbose addNamed "latest" is being treated as a dist-tag for gulp-replace
43 info addNameTag [ 'gulp-replace', 'latest' ]
44 silly mapToRegistry name gulp-replace
45 silly mapToRegistry using default registry
46 silly mapToRegistry registry https://registry.npmjs.org/
47 silly mapToRegistry uri https://registry.npmjs.org/gulp-replace
48 verbose addNameTag registry:https://registry.npmjs.org/gulp-replace not in flight; fetching
49 verbose get https://registry.npmjs.org/gulp-replace not expired, no request
50 silly addNameTag next cb for gulp-replace with tag latest
51 silly addNamed gulp-replace@1.0.0
52 verbose addNamed "1.0.0" is a plain semver version for gulp-replace
53 silly cache afterAdd gulp-replace@1.0.0
54 verbose afterAdd /home/nikita/.npm/gulp-replace/1.0.0/package/package.json not in flight; writing
55 verbose afterAdd /home/nikita/.npm/gulp-replace/1.0.0/package/package.json written
56 silly fetchNamedPackageData istextorbinary
57 silly mapToRegistry name istextorbinary
58 silly mapToRegistry using default registry
59 silly mapToRegistry registry https://registry.npmjs.org/
60 silly mapToRegistry uri https://registry.npmjs.org/istextorbinary
61 silly fetchNamedPackageData readable-stream
62 silly mapToRegistry name readable-stream
63 silly mapToRegistry using default registry
64 silly mapToRegistry registry https://registry.npmjs.org/
65 silly mapToRegistry uri https://registry.npmjs.org/readable-stream
66 silly fetchNamedPackageData replacestream
67 silly mapToRegistry name replacestream
68 silly mapToRegistry using default registry
69 silly mapToRegistry registry https://registry.npmjs.org/
70 silly mapToRegistry uri https://registry.npmjs.org/replacestream
71 verbose request uri https://registry.npmjs.org/readable-stream
72 verbose request no auth needed
73 info attempt registry request try #1 at 10:55:11 PM
74 verbose etag W/"cd4a066a34bf22a921492b57a292e033"
75 verbose lastModified Thu, 13 Feb 2020 19:42:09 GMT
76 http request GET https://registry.npmjs.org/readable-stream
77 verbose request uri https://registry.npmjs.org/replacestream
78 verbose request no auth needed
79 info attempt registry request try #1 at 10:55:11 PM
80 verbose etag W/"a621c6c2923e0550bfcf58cb379b8a67"
81 verbose lastModified Sun, 27 May 2018 15:50:14 GMT
82 http request GET https://registry.npmjs.org/replacestream
83 verbose request uri https://registry.npmjs.org/istextorbinary
84 verbose request no auth needed
85 info attempt registry request try #1 at 10:55:11 PM
86 verbose etag W/"5ce26f78859eda747c619cf731c2c1f2"
87 verbose lastModified Sun, 27 Sep 2020 14:17:01 GMT
88 http request GET https://registry.npmjs.org/istextorbinary
89 http 304 https://registry.npmjs.org/readable-stream
90 verbose headers { date: 'Fri, 02 Oct 2020 21:55:11 GMT',
90 verbose headers   connection: 'keep-alive',
90 verbose headers   'set-cookie': [ '__cfduid=da6093a9c6201a1693c7e7f5731238cec1601675711; expires=Sun, 01-Nov-20 21:55:11 GMT; path=/; domain=.npmjs.org; HttpOnly; SameSite=Lax' ],
90 verbose headers   'cf-ray': '5dc1aa8cc8d8dc3b-LHR',
90 verbose headers   age: '1306',
90 verbose headers   'cache-control': 'public, max-age=300',
90 verbose headers   etag: '"cd4a066a34bf22a921492b57a292e033"',
90 verbose headers   'last-modified': 'Thu, 13 Feb 2020 19:42:09 GMT',
90 verbose headers   vary: 'Accept-Encoding',
90 verbose headers   'cf-cache-status': 'HIT',
90 verbose headers   'cf-request-id': '058ce8ebf80000dc3b01bce200000001',
90 verbose headers   'expect-ct': 'max-age=604800, report-uri="https://report-uri.cloudflare.com/cdn-cgi/beacon/expect-ct"',
90 verbose headers   server: 'cloudflare' }
91 silly get cb [ 304,
91 silly get   { date: 'Fri, 02 Oct 2020 21:55:11 GMT',
91 silly get     connection: 'keep-alive',
91 silly get     'set-cookie': [ '__cfduid=da6093a9c6201a1693c7e7f5731238cec1601675711; expires=Sun, 01-Nov-20 21:55:11 GMT; path=/; domain=.npmjs.org; HttpOnly; SameSite=Lax' ],
91 silly get     'cf-ray': '5dc1aa8cc8d8dc3b-LHR',
91 silly get     age: '1306',
91 silly get     'cache-control': 'public, max-age=300',
91 silly get     etag: '"cd4a066a34bf22a921492b57a292e033"',
91 silly get     'last-modified': 'Thu, 13 Feb 2020 19:42:09 GMT',
91 silly get     vary: 'Accept-Encoding',
91 silly get     'cf-cache-status': 'HIT',
91 silly get     'cf-request-id': '058ce8ebf80000dc3b01bce200000001',
91 silly get     'expect-ct': 'max-age=604800, report-uri="https://report-uri.cloudflare.com/cdn-cgi/beacon/expect-ct"',
91 silly get     server: 'cloudflare' } ]
92 verbose etag https://registry.npmjs.org/readable-stream from cache
93 verbose get saving readable-stream to /home/nikita/.npm/registry.npmjs.org/readable-stream/.cache.json
94 silly resolveWithNewModule readable-stream@2.3.7 checking installable status
95 silly cache add args [ 'readable-stream@^2.0.1', null ]
96 verbose cache add spec readable-stream@^2.0.1
97 silly cache add parsed spec Result {
97 silly cache add   raw: 'readable-stream@^2.0.1',
97 silly cache add   scope: null,
97 silly cache add   name: 'readable-stream',
97 silly cache add   rawSpec: '^2.0.1',
97 silly cache add   spec: '>=2.0.1 <3.0.0',
97 silly cache add   type: 'range' }
98 silly addNamed readable-stream@>=2.0.1 <3.0.0
99 verbose addNamed ">=2.0.1 <3.0.0" is a valid semver range for readable-stream
100 silly addNameRange { name: 'readable-stream',
100 silly addNameRange   range: '>=2.0.1 <3.0.0',
100 silly addNameRange   hasData: false }
101 silly mapToRegistry name readable-stream
102 silly mapToRegistry using default registry
103 silly mapToRegistry registry https://registry.npmjs.org/
104 silly mapToRegistry uri https://registry.npmjs.org/readable-stream
105 verbose addNameRange registry:https://registry.npmjs.org/readable-stream not in flight; fetching
106 verbose get https://registry.npmjs.org/readable-stream not expired, no request
107 silly addNameRange number 2 { name: 'readable-stream',
107 silly addNameRange   range: '>=2.0.1 <3.0.0',
107 silly addNameRange   hasData: true }
108 silly addNameRange versions [ 'readable-stream',
108 silly addNameRange   [ '0.0.1',
108 silly addNameRange     '0.0.2',
108 silly addNameRange     '0.0.3',
108 silly addNameRange     '0.0.4',
108 silly addNameRange     '0.1.0',
108 silly addNameRange     '0.2.0',
108 silly addNameRange     '0.3.0',
108 silly addNameRange     '0.3.1',
108 silly addNameRange     '1.0.0',
108 silly addNameRange     '1.0.1',
108 silly addNameRange     '1.0.2',
108 silly addNameRange     '1.0.15',
108 silly addNameRange     '1.0.17',
108 silly addNameRange     '1.1.7',
108 silly addNameRange     '1.1.8',
108 silly addNameRange     '1.1.9',
108 silly addNameRange     '1.0.24',
108 silly addNameRange     '1.0.25',
108 silly addNameRange     '1.1.10',
108 silly addNameRange     '1.0.25-1',
108 silly addNameRange     '1.1.11',
108 silly addNameRange     '1.0.26',
108 silly addNameRange     '1.0.26-1',
108 silly addNameRange     '1.1.11-1',
108 silly addNameRange     '1.0.26-2',
108 silly addNameRange     '1.1.12',
108 silly addNameRange     '1.0.26-3',
108 silly addNameRange     '1.0.26-4',
108 silly addNameRange     '1.1.12-1',
108 silly addNameRange     '1.0.27-1',
108 silly addNameRange     '1.1.13-1',
108 silly addNameRange     '1.0.31',
108 silly addNameRange     '1.1.13',
108 silly addNameRange     '1.0.32',
108 silly addNameRange     '1.0.32-1',
108 silly addNameRange     '1.0.33-1',
108 silly addNameRange     '1.0.33-2',
108 silly addNameRange     '1.0.33',
108 silly addNameRange     '2.0.0',
108 silly addNameRange     '2.0.1',
108 silly addNameRange     '2.0.2',
108 silly addNameRange     '2.0.3',
108 silly addNameRange     '2.0.4',
108 silly addNameRange     '2.0.5',
108 silly addNameRange     '2.0.6',
108 silly addNameRange     '1.0.34',
108 silly addNameRange     '1.1.14',
108 silly addNameRange     '2.1.0',
108 silly addNameRange     '2.1.1',
108 silly addNameRange     '2.1.2',
108 silly addNameRange     '2.1.3',
108 silly addNameRange     '2.1.4',
108 silly addNameRange     '2.1.5',
108 silly addNameRange     '2.2.0',
108 silly addNameRange     '2.2.1',
108 silly addNameRange     '2.2.2',
108 silly addNameRange     '2.2.3',
108 silly addNameRange     '2.2.4',
108 silly addNameRange     '2.2.5',
108 silly addNameRange     '2.2.6',
108 silly addNameRange     '2.2.7',
108 silly addNameRange     '2.2.8',
108 silly addNameRange     '2.2.9',
108 silly addNameRange     '2.2.10',
108 silly addNameRange     '2.2.11',
108 silly addNameRange     '2.3.0',
108 silly addNameRange     '2.3.1',
108 silly addNameRange     '2.3.2',
108 silly addNameRange     '2.3.3',
108 silly addNameRange     '2.3.4',
108 silly addNameRange     '2.3.5',
108 silly addNameRange     '2.3.6',
108 silly addNameRange     '3.0.0-rc.1',
108 silly addNameRange     '3.0.0-rc.2',
108 silly addNameRange     '3.0.0-rc.3',
108 silly addNameRange     '3.0.0',
108 silly addNameRange     '3.0.1',
108 silly addNameRange     '3.0.2',
108 silly addNameRange     '3.0.3',
108 silly addNameRange     '3.0.4',
108 silly addNameRange     '3.0.5',
108 silly addNameRange     '3.0.6',
108 silly addNameRange     '3.1.0',
108 silly addNameRange     '3.1.1',
108 silly addNameRange     '3.2.0',
108 silly addNameRange     '3.3.0',
108 silly addNameRange     '3.4.0',
108 silly addNameRange     '2.3.7',
108 silly addNameRange     '3.5.0',
108 silly addNameRange     '3.6.0' ] ]
109 silly addNamed readable-stream@2.3.7
110 verbose addNamed "2.3.7" is a plain semver version for readable-stream
111 silly cache afterAdd readable-stream@2.3.7
112 verbose afterAdd /home/nikita/.npm/readable-stream/2.3.7/package/package.json not in flight; writing
113 verbose afterAdd /home/nikita/.npm/readable-stream/2.3.7/package/package.json written
114 http 304 https://registry.npmjs.org/replacestream
115 verbose headers { date: 'Fri, 02 Oct 2020 21:55:12 GMT',
115 verbose headers   connection: 'keep-alive',
115 verbose headers   'set-cookie': [ '__cfduid=d64b6a8fcc78af2cff6a3dbb043eeb9e21601675711; expires=Sun, 01-Nov-20 21:55:11 GMT; path=/; domain=.npmjs.org; HttpOnly; SameSite=Lax' ],
115 verbose headers   'cf-ray': '5dc1aa8cdf01067a-LHR',
115 verbose headers   'cache-control': 'public, max-age=300',
115 verbose headers   etag: '"a621c6c2923e0550bfcf58cb379b8a67"',
115 verbose headers   'last-modified': 'Sun, 27 May 2018 15:50:14 GMT',
115 verbose headers   vary: 'Accept-Encoding',
115 verbose headers   'cf-cache-status': 'REVALIDATED',
115 verbose headers   'cf-request-id': '058ce8ec0a0000067ab591d200000001',
115 verbose headers   'expect-ct': 'max-age=604800, report-uri="https://report-uri.cloudflare.com/cdn-cgi/beacon/expect-ct"',
115 verbose headers   server: 'cloudflare' }
116 silly get cb [ 304,
116 silly get   { date: 'Fri, 02 Oct 2020 21:55:12 GMT',
116 silly get     connection: 'keep-alive',
116 silly get     'set-cookie': [ '__cfduid=d64b6a8fcc78af2cff6a3dbb043eeb9e21601675711; expires=Sun, 01-Nov-20 21:55:11 GMT; path=/; domain=.npmjs.org; HttpOnly; SameSite=Lax' ],
116 silly get     'cf-ray': '5dc1aa8cdf01067a-LHR',
116 silly get     'cache-control': 'public, max-age=300',
116 silly get     etag: '"a621c6c2923e0550bfcf58cb379b8a67"',
116 silly get     'last-modified': 'Sun, 27 May 2018 15:50:14 GMT',
116 silly get     vary: 'Accept-Encoding',
116 silly get     'cf-cache-status': 'REVALIDATED',
116 silly get     'cf-request-id': '058ce8ec0a0000067ab591d200000001',
116 silly get     'expect-ct': 'max-age=604800, report-uri="https://report-uri.cloudflare.com/cdn-cgi/beacon/expect-ct"',
116 silly get     server: 'cloudflare' } ]
117 verbose etag https://registry.npmjs.org/replacestream from cache
118 verbose get saving replacestream to /home/nikita/.npm/registry.npmjs.org/replacestream/.cache.json
119 silly resolveWithNewModule replacestream@4.0.3 checking installable status
120 silly cache add args [ 'replacestream@^4.0.0', null ]
121 verbose cache add spec replacestream@^4.0.0
122 silly cache add parsed spec Result {
122 silly cache add   raw: 'replacestream@^4.0.0',
122 silly cache add   scope: null,
122 silly cache add   name: 'replacestream',
122 silly cache add   rawSpec: '^4.0.0',
122 silly cache add   spec: '>=4.0.0 <5.0.0',
122 silly cache add   type: 'range' }
123 silly addNamed replacestream@>=4.0.0 <5.0.0
124 verbose addNamed ">=4.0.0 <5.0.0" is a valid semver range for replacestream
125 silly addNameRange { name: 'replacestream',
125 silly addNameRange   range: '>=4.0.0 <5.0.0',
125 silly addNameRange   hasData: false }
126 silly mapToRegistry name replacestream
127 silly mapToRegistry using default registry
128 silly mapToRegistry registry https://registry.npmjs.org/
129 silly mapToRegistry uri https://registry.npmjs.org/replacestream
130 verbose addNameRange registry:https://registry.npmjs.org/replacestream not in flight; fetching
131 verbose get https://registry.npmjs.org/replacestream not expired, no request
132 silly addNameRange number 2 { name: 'replacestream', range: '>=4.0.0 <5.0.0', hasData: true }
133 silly addNameRange versions [ 'replacestream',
133 silly addNameRange   [ '0.0.1',
133 silly addNameRange     '0.0.2',
133 silly addNameRange     '0.0.3',
133 silly addNameRange     '0.0.4',
133 silly addNameRange     '0.0.5',
133 silly addNameRange     '0.0.6',
133 silly addNameRange     '0.1.0',
133 silly addNameRange     '0.1.1',
133 silly addNameRange     '0.1.2',
133 silly addNameRange     '0.1.3',
133 silly addNameRange     '0.1.4',
133 silly addNameRange     '0.2.0',
133 silly addNameRange     '0.3.0',
133 silly addNameRange     '1.0.1',
133 silly addNameRange     '1.0.2',
133 silly addNameRange     '2.0.0',
133 silly addNameRange     '2.0.1',
133 silly addNameRange     '2.1.0',
133 silly addNameRange     '3.0.0',
133 silly addNameRange     '4.0.0',
133 silly addNameRange     '4.0.2',
133 silly addNameRange     '4.0.3' ] ]
134 silly addNamed replacestream@4.0.3
135 verbose addNamed "4.0.3" is a plain semver version for replacestream
136 http 304 https://registry.npmjs.org/istextorbinary
137 verbose headers { date: 'Fri, 02 Oct 2020 21:55:12 GMT',
137 verbose headers   connection: 'keep-alive',
137 verbose headers   'set-cookie': [ '__cfduid=ded6e8744747f7430a78bd46ea2924aa01601675711; expires=Sun, 01-Nov-20 21:55:11 GMT; path=/; domain=.npmjs.org; HttpOnly; SameSite=Lax' ],
137 verbose headers   'cf-ray': '5dc1aa8d0b62f43b-LHR',
137 verbose headers   'cache-control': 'public, max-age=300',
137 verbose headers   etag: '"5ce26f78859eda747c619cf731c2c1f2"',
137 verbose headers   'last-modified': 'Sun, 27 Sep 2020 14:17:01 GMT',
137 verbose headers   vary: 'Accept-Encoding',
137 verbose headers   'cf-cache-status': 'REVALIDATED',
137 verbose headers   'cf-request-id': '058ce8ec200000f43b70172200000001',
137 verbose headers   'expect-ct': 'max-age=604800, report-uri="https://report-uri.cloudflare.com/cdn-cgi/beacon/expect-ct"',
137 verbose headers   server: 'cloudflare' }
138 silly get cb [ 304,
138 silly get   { date: 'Fri, 02 Oct 2020 21:55:12 GMT',
138 silly get     connection: 'keep-alive',
138 silly get     'set-cookie': [ '__cfduid=ded6e8744747f7430a78bd46ea2924aa01601675711; expires=Sun, 01-Nov-20 21:55:11 GMT; path=/; domain=.npmjs.org; HttpOnly; SameSite=Lax' ],
138 silly get     'cf-ray': '5dc1aa8d0b62f43b-LHR',
138 silly get     'cache-control': 'public, max-age=300',
138 silly get     etag: '"5ce26f78859eda747c619cf731c2c1f2"',
138 silly get     'last-modified': 'Sun, 27 Sep 2020 14:17:01 GMT',
138 silly get     vary: 'Accept-Encoding',
138 silly get     'cf-cache-status': 'REVALIDATED',
138 silly get     'cf-request-id': '058ce8ec200000f43b70172200000001',
138 silly get     'expect-ct': 'max-age=604800, report-uri="https://report-uri.cloudflare.com/cdn-cgi/beacon/expect-ct"',
138 silly get     server: 'cloudflare' } ]
139 verbose etag https://registry.npmjs.org/istextorbinary from cache
140 verbose get saving istextorbinary to /home/nikita/.npm/registry.npmjs.org/istextorbinary/.cache.json
141 silly resolveWithNewModule istextorbinary@2.2.1 checking installable status
142 silly cache add args [ 'istextorbinary@2.2.1', null ]
143 verbose cache add spec istextorbinary@2.2.1
144 silly cache add parsed spec Result {
144 silly cache add   raw: 'istextorbinary@2.2.1',
144 silly cache add   scope: null,
144 silly cache add   name: 'istextorbinary',
144 silly cache add   rawSpec: '2.2.1',
144 silly cache add   spec: '2.2.1',
144 silly cache add   type: 'version' }
145 silly addNamed istextorbinary@2.2.1
146 verbose addNamed "2.2.1" is a plain semver version for istextorbinary
147 silly mapToRegistry name istextorbinary
148 silly mapToRegistry using default registry
149 silly mapToRegistry registry https://registry.npmjs.org/
150 silly mapToRegistry uri https://registry.npmjs.org/istextorbinary
151 verbose addNameVersion registry:https://registry.npmjs.org/istextorbinary not in flight; fetching
152 silly cache afterAdd replacestream@4.0.3
153 verbose afterAdd /home/nikita/.npm/replacestream/4.0.3/package/package.json not in flight; writing
154 verbose afterAdd /home/nikita/.npm/replacestream/4.0.3/package/package.json written
155 verbose get https://registry.npmjs.org/istextorbinary not expired, no request
156 silly cache afterAdd istextorbinary@2.2.1
157 verbose afterAdd /home/nikita/.npm/istextorbinary/2.2.1/package/package.json not in flight; writing
158 verbose afterAdd /home/nikita/.npm/istextorbinary/2.2.1/package/package.json written
159 silly fetchNamedPackageData binaryextensions
160 silly mapToRegistry name binaryextensions
161 silly mapToRegistry using default registry
162 silly mapToRegistry registry https://registry.npmjs.org/
163 silly mapToRegistry uri https://registry.npmjs.org/binaryextensions
164 silly fetchNamedPackageData editions
165 silly mapToRegistry name editions
166 silly mapToRegistry using default registry
167 silly mapToRegistry registry https://registry.npmjs.org/
168 silly mapToRegistry uri https://registry.npmjs.org/editions
169 silly fetchNamedPackageData textextensions
170 silly mapToRegistry name textextensions
171 silly mapToRegistry using default registry
172 silly mapToRegistry registry https://registry.npmjs.org/
173 silly mapToRegistry uri https://registry.npmjs.org/textextensions
174 verbose request uri https://registry.npmjs.org/binaryextensions
175 verbose request no auth needed
176 info attempt registry request try #1 at 10:55:12 PM
177 verbose etag W/"fc86f9ac4082398a54a3c4f90c6d19ee"
178 verbose lastModified Sun, 27 Sep 2020 14:15:24 GMT
179 http request GET https://registry.npmjs.org/binaryextensions
180 verbose request uri https://registry.npmjs.org/textextensions
181 verbose request no auth needed
182 info attempt registry request try #1 at 10:55:12 PM
183 verbose etag W/"0471f42c552b3efff6377a0c5dd9b3fb"
184 verbose lastModified Sun, 27 Sep 2020 13:45:19 GMT
185 http request GET https://registry.npmjs.org/textextensions
186 verbose request uri https://registry.npmjs.org/editions
187 verbose request no auth needed
188 info attempt registry request try #1 at 10:55:12 PM
189 verbose etag W/"6f32d710e585204d8954039369dfa002"
190 verbose lastModified Sun, 27 Sep 2020 13:33:09 GMT
191 http request GET https://registry.npmjs.org/editions
192 http 304 https://registry.npmjs.org/binaryextensions
193 verbose headers { date: 'Fri, 02 Oct 2020 21:55:12 GMT',
193 verbose headers   connection: 'keep-alive',
193 verbose headers   'set-cookie': [ '__cfduid=dbed53ee797bbaa452eb6529dad0678e31601675712; expires=Sun, 01-Nov-20 21:55:12 GMT; path=/; domain=.npmjs.org; HttpOnly; SameSite=Lax' ],
193 verbose headers   'cf-ray': '5dc1aa9259cf077e-LHR',
193 verbose headers   age: '5837',
193 verbose headers   'cache-control': 'public, max-age=300',
193 verbose headers   etag: '"fc86f9ac4082398a54a3c4f90c6d19ee"',
193 verbose headers   'last-modified': 'Sun, 27 Sep 2020 14:15:24 GMT',
193 verbose headers   vary: 'Accept-Encoding',
193 verbose headers   'cf-cache-status': 'HIT',
193 verbose headers   'cf-request-id': '058ce8ef7b0000077e220e1200000001',
193 verbose headers   'expect-ct': 'max-age=604800, report-uri="https://report-uri.cloudflare.com/cdn-cgi/beacon/expect-ct"',
193 verbose headers   server: 'cloudflare' }
194 silly get cb [ 304,
194 silly get   { date: 'Fri, 02 Oct 2020 21:55:12 GMT',
194 silly get     connection: 'keep-alive',
194 silly get     'set-cookie': [ '__cfduid=dbed53ee797bbaa452eb6529dad0678e31601675712; expires=Sun, 01-Nov-20 21:55:12 GMT; path=/; domain=.npmjs.org; HttpOnly; SameSite=Lax' ],
194 silly get     'cf-ray': '5dc1aa9259cf077e-LHR',
194 silly get     age: '5837',
194 silly get     'cache-control': 'public, max-age=300',
194 silly get     etag: '"fc86f9ac4082398a54a3c4f90c6d19ee"',
194 silly get     'last-modified': 'Sun, 27 Sep 2020 14:15:24 GMT',
194 silly get     vary: 'Accept-Encoding',
194 silly get     'cf-cache-status': 'HIT',
194 silly get     'cf-request-id': '058ce8ef7b0000077e220e1200000001',
194 silly get     'expect-ct': 'max-age=604800, report-uri="https://report-uri.cloudflare.com/cdn-cgi/beacon/expect-ct"',
194 silly get     server: 'cloudflare' } ]
195 verbose etag https://registry.npmjs.org/binaryextensions from cache
196 verbose get saving binaryextensions to /home/nikita/.npm/registry.npmjs.org/binaryextensions/.cache.json
197 verbose stack Error: Missing required argument #1
197 verbose stack     at andLogAndFinish (/usr/share/npm/lib/fetch-package-metadata.js:31:3)
197 verbose stack     at fetchPackageMetadata (/usr/share/npm/lib/fetch-package-metadata.js:51:22)
197 verbose stack     at resolveWithNewModule (/usr/share/npm/lib/install/deps.js:456:12)
197 verbose stack     at /usr/share/npm/lib/install/deps.js:457:7
197 verbose stack     at /usr/share/npm/node_modules/iferr/index.js:13:50
197 verbose stack     at /usr/share/npm/lib/fetch-package-metadata.js:37:12
197 verbose stack     at addRequestedAndFinish (/usr/share/npm/lib/fetch-package-metadata.js:82:5)
197 verbose stack     at returnAndAddMetadata (/usr/share/npm/lib/fetch-package-metadata.js:117:7)
197 verbose stack     at pickVersionFromRegistryDocument (/usr/share/npm/lib/fetch-package-metadata.js:134:20)
197 verbose stack     at /usr/share/npm/node_modules/iferr/index.js:13:50
198 verbose cwd /home/nikita/holl-e-website
199 error Linux 4.15.0-118-generic
200 error argv "/usr/bin/nodejs" "/usr/bin/npm" "install" "--global" "gulp-replace"
201 error node v4.2.6
202 error npm  v3.5.2
203 error code EMISSINGARG
204 error typeerror Error: Missing required argument #1
204 error typeerror     at andLogAndFinish (/usr/share/npm/lib/fetch-package-metadata.js:31:3)
204 error typeerror     at fetchPackageMetadata (/usr/share/npm/lib/fetch-package-metadata.js:51:22)
204 error typeerror     at resolveWithNewModule (/usr/share/npm/lib/install/deps.js:456:12)
204 error typeerror     at /usr/share/npm/lib/install/deps.js:457:7
204 error typeerror     at /usr/share/npm/node_modules/iferr/index.js:13:50
204 error typeerror     at /usr/share/npm/lib/fetch-package-metadata.js:37:12
204 error typeerror     at addRequestedAndFinish (/usr/share/npm/lib/fetch-package-metadata.js:82:5)
204 error typeerror     at returnAndAddMetadata (/usr/share/npm/lib/fetch-package-metadata.js:117:7)
204 error typeerror     at pickVersionFromRegistryDocument (/usr/share/npm/lib/fetch-package-metadata.js:134:20)
204 error typeerror     at /usr/share/npm/node_modules/iferr/index.js:13:50
205 error typeerror This is an error with npm itself. Please report this error at:
205 error typeerror     <http://github.com/npm/npm/issues>
206 verbose exit [ 1, true ]
